[INFO] 12:12:13:437 MEMORIA/(4216:4216): Esperando a 127.0.0.1:8002 (KERNEL)

[INFO] 12:15:51:990 MEMORIA/(4216:4216): Cliente conectado (a MEMORIA)

[INFO] 12:15:51:990 MEMORIA/(4216:5166): INICIALIZANDO ESTRUCTURAS

[INFO] 12:15:51:991 MEMORIA/(4216:5166): Se envio el valor de la tabla de paginas al kernel

[INFO] 12:15:51:991 MEMORIA/(4216:5166): DISCONNECT!

[INFO] 12:15:55:132 MEMORIA/(4216:4216): Cliente conectado (a MEMORIA)

[INFO] 12:15:55:133 MEMORIA/(4216:5180): INICIALIZANDO ESTRUCTURAS

[INFO] 12:15:55:133 MEMORIA/(4216:5180): Se envio el valor de la tabla de paginas al kernel

[INFO] 12:15:55:139 MEMORIA/(4216:5180): DISCONNECT!

[INFO] 12:16:55:092 MEMORIA/(5349:5349): Esperando a 127.0.0.1:8002 (KERNEL)

[INFO] 12:17:42:854 MEMORIA/(5349:5349): Cliente conectado (a MEMORIA)

[INFO] 12:17:42:854 MEMORIA/(5349:5451): INICIALIZANDO ESTRUCTURAS

[INFO] 12:17:42:855 MEMORIA/(5349:5451): Se envio el valor de la tabla de paginas al kernel

[INFO] 12:17:42:855 MEMORIA/(5349:5451): DISCONNECT!

[INFO] 12:17:44:284 MEMORIA/(5349:5349): Cliente conectado (a MEMORIA)

[INFO] 12:17:44:284 MEMORIA/(5349:5457): INICIALIZANDO ESTRUCTURAS

[INFO] 12:17:44:285 MEMORIA/(5349:5457): Se envio el valor de la tabla de paginas al kernel

[INFO] 12:17:44:285 MEMORIA/(5349:5457): DISCONNECT!

[INFO] 12:17:46:148 MEMORIA/(5349:5349): Cliente conectado (a MEMORIA)

[INFO] 12:17:46:149 MEMORIA/(5349:5472): INICIALIZANDO ESTRUCTURAS

[INFO] 12:17:46:149 MEMORIA/(5349:5472): Se envio el valor de la tabla de paginas al kernel

[INFO] 12:17:46:149 MEMORIA/(5349:5472): DISCONNECT!

[INFO] 12:17:58:874 MEMORIA/(5349:5349): Cliente conectado (a MEMORIA)

[INFO] 12:17:58:875 MEMORIA/(5349:5500): LIBERANDO ESTRUCTURAS
[INFO] 12:17:58:875 MEMORIA/(5349:5500): DISCONNECT!

[INFO] 12:18:01:879 MEMORIA/(5349:5349): Cliente conectado (a MEMORIA)

[INFO] 12:18:01:879 MEMORIA/(5349:5507): LIBERANDO ESTRUCTURAS
[INFO] 12:18:01:880 MEMORIA/(5349:5507): DISCONNECT!

[INFO] 12:18:06:865 MEMORIA/(5349:5349): Cliente conectado (a MEMORIA)

[INFO] 12:18:06:865 MEMORIA/(5349:5517): LIBERANDO ESTRUCTURAS
[INFO] 12:18:06:866 MEMORIA/(5349:5517): DISCONNECT!

[INFO] 12:19:52:508 MEMORIA/(5349:5349): Cliente conectado (a MEMORIA)

[INFO] 12:19:52:508 MEMORIA/(5349:5744): INICIALIZANDO ESTRUCTURAS

[INFO] 12:19:52:509 MEMORIA/(5349:5744): Se envio el valor de la tabla de paginas al kernel

[INFO] 12:19:52:509 MEMORIA/(5349:5744): DISCONNECT!

[INFO] 12:19:53:775 MEMORIA/(5349:5349): Cliente conectado (a MEMORIA)

[INFO] 12:19:53:775 MEMORIA/(5349:5759): INICIALIZANDO ESTRUCTURAS

[INFO] 12:19:53:775 MEMORIA/(5349:5759): Se envio el valor de la tabla de paginas al kernel

[INFO] 12:19:53:776 MEMORIA/(5349:5759): DISCONNECT!

[INFO] 12:19:55:105 MEMORIA/(5349:5349): Cliente conectado (a MEMORIA)

[INFO] 12:19:55:105 MEMORIA/(5349:5778): INICIALIZANDO ESTRUCTURAS

[INFO] 12:19:55:105 MEMORIA/(5349:5778): Se envio el valor de la tabla de paginas al kernel

[INFO] 12:19:55:105 MEMORIA/(5349:5778): DISCONNECT!

[INFO] 12:20:08:525 MEMORIA/(5349:5349): Cliente conectado (a MEMORIA)

[INFO] 12:20:08:526 MEMORIA/(5349:5809): LIBERANDO ESTRUCTURAS
[INFO] 12:20:08:526 MEMORIA/(5349:5809): DISCONNECT!

[INFO] 12:20:11:529 MEMORIA/(5349:5349): Cliente conectado (a MEMORIA)

[INFO] 12:20:11:529 MEMORIA/(5349:5824): LIBERANDO ESTRUCTURAS
[INFO] 12:20:11:530 MEMORIA/(5349:5824): DISCONNECT!

[INFO] 12:20:16:516 MEMORIA/(5349:5349): Cliente conectado (a MEMORIA)

[INFO] 12:20:16:516 MEMORIA/(5349:5843): LIBERANDO ESTRUCTURAS
[INFO] 12:20:16:517 MEMORIA/(5349:5843): DISCONNECT!

[INFO] 12:20:58:356 MEMORIA/(5349:5349): Cliente conectado (a MEMORIA)

[INFO] 12:20:58:356 MEMORIA/(5349:5976): INICIALIZANDO ESTRUCTURAS

[INFO] 12:20:58:357 MEMORIA/(5349:5976): Se envio el valor de la tabla de paginas al kernel

[INFO] 12:20:58:357 MEMORIA/(5349:5976): DISCONNECT!

[INFO] 12:20:59:571 MEMORIA/(5349:5349): Cliente conectado (a MEMORIA)

[INFO] 12:20:59:571 MEMORIA/(5349:5982): INICIALIZANDO ESTRUCTURAS

[INFO] 12:20:59:576 MEMORIA/(5349:5982): Se envio el valor de la tabla de paginas al kernel

[INFO] 12:20:59:578 MEMORIA/(5349:5982): DISCONNECT!

[INFO] 12:21:00:979 MEMORIA/(5349:5349): Cliente conectado (a MEMORIA)

[INFO] 12:21:00:979 MEMORIA/(5349:5991): INICIALIZANDO ESTRUCTURAS

[INFO] 12:21:00:980 MEMORIA/(5349:5991): Se envio el valor de la tabla de paginas al kernel

[INFO] 12:21:00:980 MEMORIA/(5349:5991): DISCONNECT!

[INFO] 12:21:14:376 MEMORIA/(5349:5349): Cliente conectado (a MEMORIA)

[INFO] 12:21:14:376 MEMORIA/(5349:6015): LIBERANDO ESTRUCTURAS
[INFO] 12:21:14:377 MEMORIA/(5349:6015): DISCONNECT!

[INFO] 12:21:17:381 MEMORIA/(5349:5349): Cliente conectado (a MEMORIA)

[INFO] 12:21:17:382 MEMORIA/(5349:6024): LIBERANDO ESTRUCTURAS
[INFO] 12:21:17:384 MEMORIA/(5349:6024): DISCONNECT!

[INFO] 12:21:22:366 MEMORIA/(5349:5349): Cliente conectado (a MEMORIA)

[INFO] 12:21:22:367 MEMORIA/(5349:6039): LIBERANDO ESTRUCTURAS
[INFO] 12:21:22:367 MEMORIA/(5349:6039): DISCONNECT!

