[INFO] 17:57:26:164 CPU/(6893:6893): Esperando a 127.0.0.1:8001 (CPU)

[INFO] 17:57:35:757 CPU/(6893:6893): Cliente conectado (a CPU)

[INFO] 17:57:35:803 CPU/(6893:6920): Se recibio el pcb
[INFO] 17:57:35:830 CPU/(6893:6920): Lista de instrucciones cargadas:
[INFO] 17:57:35:836 CPU/(6893:6920): Instruccion: NO_OP
[INFO] 17:57:35:837 CPU/(6893:6920): Argumento: 5
[INFO] 17:57:35:838 CPU/(6893:6920): 

[INFO] 17:57:35:838 CPU/(6893:6920): Instruccion: I/O
[INFO] 17:57:35:839 CPU/(6893:6920): Argumento: 3000
[INFO] 17:57:35:839 CPU/(6893:6920): 

[INFO] 17:57:35:840 CPU/(6893:6920): Instruccion: READ
[INFO] 17:57:35:840 CPU/(6893:6920): Argumento: 0
[INFO] 17:57:35:840 CPU/(6893:6920): 

[INFO] 17:57:35:841 CPU/(6893:6920): Instruccion: WRITE
[INFO] 17:57:35:846 CPU/(6893:6920): Argumento: 4
[INFO] 17:57:35:847 CPU/(6893:6920): Argumento: 42
[INFO] 17:57:35:847 CPU/(6893:6920): 

[INFO] 17:57:35:848 CPU/(6893:6920): Instruccion: COPY
[INFO] 17:57:35:848 CPU/(6893:6920): Argumento: 0
[INFO] 17:57:35:849 CPU/(6893:6920): Argumento: 4
[INFO] 17:57:35:849 CPU/(6893:6920): 

[INFO] 17:57:35:855 CPU/(6893:6920): Instruccion: EXIT
[INFO] 17:57:35:855 CPU/(6893:6920): 

