==21474== Memcheck, a memory error detector
==21474== Copyright (C) 2002-2015, and GNU GPL'd, by Julian Seward et al.
==21474== Using Valgrind-3.11.0 and LibVEX; rerun with -h for copyright info
==21474== Command: ./mainKernel.out
==21474== Parent PID: 21439
==21474== 
==21474== 
==21474== HEAP SUMMARY:
==21474==     in use at exit: 36 bytes in 6 blocks
==21474==   total heap usage: 170 allocs, 164 frees, 2,106,479 bytes allocated
==21474== 
==21474== 4 bytes in 1 blocks are still reachable in loss record 1 of 6
==21474==    at 0x402C17C: malloc (in /usr/lib/valgrind/vgpreload_memcheck-x86-linux.so)
==21474==    by 0x4055226: queue_create (in /usr/lib/libcommons.so)
==21474==    by 0x80490A5: crear_colas_estados (in /media/sf_tp-2022-1c-kissieraprobar/kernel/mainKernel.out)
==21474==    by 0x80491D6: main (in /media/sf_tp-2022-1c-kissieraprobar/kernel/mainKernel.out)
==21474== 
==21474== 4 bytes in 1 blocks are still reachable in loss record 2 of 6
==21474==    at 0x402C17C: malloc (in /usr/lib/valgrind/vgpreload_memcheck-x86-linux.so)
==21474==    by 0x4055226: queue_create (in /usr/lib/libcommons.so)
==21474==    by 0x80490AF: crear_colas_estados (in /media/sf_tp-2022-1c-kissieraprobar/kernel/mainKernel.out)
==21474==    by 0x80491D6: main (in /media/sf_tp-2022-1c-kissieraprobar/kernel/mainKernel.out)
==21474== 
==21474== 4 bytes in 1 blocks are still reachable in loss record 3 of 6
==21474==    at 0x402C17C: malloc (in /usr/lib/valgrind/vgpreload_memcheck-x86-linux.so)
==21474==    by 0x4055226: queue_create (in /usr/lib/libcommons.so)
==21474==    by 0x80490B9: crear_colas_estados (in /media/sf_tp-2022-1c-kissieraprobar/kernel/mainKernel.out)
==21474==    by 0x80491D6: main (in /media/sf_tp-2022-1c-kissieraprobar/kernel/mainKernel.out)
==21474== 
==21474== 8 bytes in 1 blocks are still reachable in loss record 4 of 6
==21474==    at 0x402C17C: malloc (in /usr/lib/valgrind/vgpreload_memcheck-x86-linux.so)
==21474==    by 0x40553FE: list_create (in /usr/lib/libcommons.so)
==21474==    by 0x4055231: queue_create (in /usr/lib/libcommons.so)
==21474==    by 0x80490A5: crear_colas_estados (in /media/sf_tp-2022-1c-kissieraprobar/kernel/mainKernel.out)
==21474==    by 0x80491D6: main (in /media/sf_tp-2022-1c-kissieraprobar/kernel/mainKernel.out)
==21474== 
==21474== 8 bytes in 1 blocks are still reachable in loss record 5 of 6
==21474==    at 0x402C17C: malloc (in /usr/lib/valgrind/vgpreload_memcheck-x86-linux.so)
==21474==    by 0x40553FE: list_create (in /usr/lib/libcommons.so)
==21474==    by 0x4055231: queue_create (in /usr/lib/libcommons.so)
==21474==    by 0x80490AF: crear_colas_estados (in /media/sf_tp-2022-1c-kissieraprobar/kernel/mainKernel.out)
==21474==    by 0x80491D6: main (in /media/sf_tp-2022-1c-kissieraprobar/kernel/mainKernel.out)
==21474== 
==21474== 8 bytes in 1 blocks are still reachable in loss record 6 of 6
==21474==    at 0x402C17C: malloc (in /usr/lib/valgrind/vgpreload_memcheck-x86-linux.so)
==21474==    by 0x40553FE: list_create (in /usr/lib/libcommons.so)
==21474==    by 0x4055231: queue_create (in /usr/lib/libcommons.so)
==21474==    by 0x80490B9: crear_colas_estados (in /media/sf_tp-2022-1c-kissieraprobar/kernel/mainKernel.out)
==21474==    by 0x80491D6: main (in /media/sf_tp-2022-1c-kissieraprobar/kernel/mainKernel.out)
==21474== 
==21474== LEAK SUMMARY:
==21474==    definitely lost: 0 bytes in 0 blocks
==21474==    indirectly lost: 0 bytes in 0 blocks
==21474==      possibly lost: 0 bytes in 0 blocks
==21474==    still reachable: 36 bytes in 6 blocks
==21474==         suppressed: 0 bytes in 0 blocks
==21474== 
==21474== For counts of detected and suppressed errors, rerun with: -v
==21474== ERROR SUMMARY: 0 errors from 0 contexts (suppressed: 0 from 0)
